<?xml version="1.0" encoding="UTF-8"?>
<!-- Generated by org.testng.reporters.JUnitXMLReporter -->
<testsuite ignored="0" hostname="DESKTOP-F41TUJF" failures="1" tests="21" name="Tests for packages" time="15.294" errors="0" timestamp="2021-05-28T00:13:13 PDT">
  <testcase classname="testng.basics.Class01" name="aclasstest" time="0.004"/>
  <testcase classname="testng.basics.Class01" name="bclasstest" time="0.003"/>
  <testcase classname="testng.basics.Class01" name="cclasstest" time="0.001"/>
  <testcase classname="testng.basics03.DataProviderDemo" name="validLogin" time="0.0">
    <failure type="org.testng.TestNGException" message="
Some DataProvider public java.lang.Object[][] testng.basics03.DataProviderDemo.loginData(java.lang.String,java.lang.String) parameters unresolved:  at 0 type class java.lang.String
 at 1 type class java.lang.String
">
      <![CDATA[org.testng.TestNGException: 
Some DataProvider public java.lang.Object[][] testng.basics03.DataProviderDemo.loginData(java.lang.String,java.lang.String) parameters unresolved:  at 0 type class java.lang.String
 at 1 type class java.lang.String

at java.base/java.util.ArrayList.forEach(ArrayList.java:1511)
... Removed 25 stack frames]]>
    </failure>
  </testcase> <!-- validLogin -->
  <testcase classname="testng.basics03.ExampleBatch09" name="firstFunction" time="0.001"/>
  <testcase classname="testng.basics03.ExampleBatch09" name="fourthFunction" time="0.002"/>
  <testcase classname="testng.basics03.ExampleBatch09" name="secondFunction" time="0.001"/>
  <testcase classname="testng.basics03.ExampleBatch09" name="thirdFunction" time="0.0"/>
  <testcase classname="testng.basics.LoginTestBatch09" name="validLogin" time="1.949"/>
  <testcase classname="testng.basics.LoginTestBatch09" name="validationOfTitle" time="0.006"/>
  <testcase classname="testng.basics03.Grouping" name="firstMethod" time="0.003"/>
  <testcase classname="testng.basics03.Grouping" name="fourthMethod" time="0.001"/>
  <testcase classname="testng.basics03.Grouping" name="secondMethod" time="0.001"/>
  <testcase classname="testng.basics03.Grouping" name="thirdMethod" time="0.001"/>
  <testcase classname="testng.basics.Task01" name="aTest" time="0.001"/>
  <testcase classname="testng.basics.Task01" name="bTest" time="0.001"/>
  <testcase classname="testng.basics.Task01" name="cTest" time="0.001"/>
  <testcase classname="testng.basics03.LoginTest" name="validLogin" time="1.65"/>
  <testcase classname="testng.basics03.LoginTest" name="validationOfTitle" time="0.007"/>
  <testcase classname="testng.basics.Task02" name="test1" time="0.001"/>
  <testcase classname="testng.basics.Task02" name="test2" time="0.001"/>
</testsuite> <!-- Tests for packages -->
